[2014-08-26 18:33:56 [com.lezo.iscript.yeam.simple.IoClient] WARN ] com.lezo.iscript.yeam.simple.IoClient[Timer-0] (com.lezo.iscript.yeam.simple.IoClient:102) - Can not coonect to localhost:8209
[2014-08-26 18:34:12 [com.lezo.iscript.yeam.simple.IoClient] WARN ] com.lezo.iscript.yeam.simple.IoClient[Timer-0] (com.lezo.iscript.yeam.simple.IoClient:102) - Can not coonect to localhost:8209
[2014-08-26 18:34:18 [com.lezo.iscript.yeam.simple.IoClient] WARN ] com.lezo.iscript.yeam.simple.IoClient[Timer-0] (com.lezo.iscript.yeam.simple.IoClient:102) - Can not coonect to localhost:8209
[2014-08-26 18:34:24 [com.lezo.iscript.yeam.simple.IoClient] WARN ] com.lezo.iscript.yeam.simple.IoClient[Timer-0] (com.lezo.iscript.yeam.simple.IoClient:102) - Can not coonect to localhost:8209
[2014-08-26 18:34:30 [com.lezo.iscript.yeam.simple.IoClient] WARN ] com.lezo.iscript.yeam.simple.IoClient[Timer-0] (com.lezo.iscript.yeam.simple.IoClient:102) - Can not coonect to localhost:8209
[2014-08-26 18:34:36 [com.lezo.iscript.yeam.simple.IoClient] WARN ] com.lezo.iscript.yeam.simple.IoClient[Timer-0] (com.lezo.iscript.yeam.simple.IoClient:102) - Can not coonect to localhost:8209
[2014-08-26 18:34:42 [com.lezo.iscript.yeam.simple.IoClient] WARN ] com.lezo.iscript.yeam.simple.IoClient[Timer-0] (com.lezo.iscript.yeam.simple.IoClient:102) - Can not coonect to localhost:8209
[2014-08-26 18:34:48 [com.lezo.iscript.yeam.simple.IoClient] WARN ] com.lezo.iscript.yeam.simple.IoClient[Timer-0] (com.lezo.iscript.yeam.simple.IoClient:102) - Can not coonect to localhost:8209
[2014-08-26 18:34:54 [com.lezo.iscript.yeam.simple.IoClient] WARN ] com.lezo.iscript.yeam.simple.IoClient[Timer-0] (com.lezo.iscript.yeam.simple.IoClient:102) - Can not coonect to localhost:8209
[2014-08-26 18:35:00 [com.lezo.iscript.yeam.simple.IoClient] WARN ] com.lezo.iscript.yeam.simple.IoClient[Timer-0] (com.lezo.iscript.yeam.simple.IoClient:102) - Can not coonect to localhost:8209
[2014-08-26 18:35:06 [com.lezo.iscript.yeam.simple.IoClient] WARN ] com.lezo.iscript.yeam.simple.IoClient[Timer-0] (com.lezo.iscript.yeam.simple.IoClient:102) - Can not coonect to localhost:8209
[2014-08-26 18:35:12 [com.lezo.iscript.yeam.simple.IoClient] WARN ] com.lezo.iscript.yeam.simple.IoClient[Timer-0] (com.lezo.iscript.yeam.simple.IoClient:102) - Can not coonect to localhost:8209
[2014-08-26 18:35:18 [com.lezo.iscript.yeam.simple.IoClient] WARN ] com.lezo.iscript.yeam.simple.IoClient[Timer-0] (com.lezo.iscript.yeam.simple.IoClient:102) - Can not coonect to localhost:8209
[2014-08-26 18:35:24 [com.lezo.iscript.yeam.simple.IoClient] WARN ] com.lezo.iscript.yeam.simple.IoClient[Timer-0] (com.lezo.iscript.yeam.simple.IoClient:102) - Can not coonect to localhost:8209
[2014-08-26 18:35:30 [com.lezo.iscript.yeam.simple.IoClient] WARN ] com.lezo.iscript.yeam.simple.IoClient[Timer-0] (com.lezo.iscript.yeam.simple.IoClient:102) - Can not coonect to localhost:8209
[2014-08-26 18:35:36 [com.lezo.iscript.yeam.simple.IoClient] WARN ] com.lezo.iscript.yeam.simple.IoClient[Timer-0] (com.lezo.iscript.yeam.simple.IoClient:102) - Can not coonect to localhost:8209
[2014-08-26 18:35:42 [com.lezo.iscript.yeam.simple.IoClient] WARN ] com.lezo.iscript.yeam.simple.IoClient[Timer-0] (com.lezo.iscript.yeam.simple.IoClient:102) - Can not coonect to localhost:8209
[2014-08-26 18:35:48 [com.lezo.iscript.yeam.simple.IoClient] WARN ] com.lezo.iscript.yeam.simple.IoClient[Timer-0] (com.lezo.iscript.yeam.simple.IoClient:102) - Can not coonect to localhost:8209
[2014-08-26 18:35:54 [com.lezo.iscript.yeam.simple.IoClient] WARN ] com.lezo.iscript.yeam.simple.IoClient[Timer-0] (com.lezo.iscript.yeam.simple.IoClient:102) - Can not coonect to localhost:8209
[2014-08-26 18:37:52 [com.lezo.iscript.yeam.simple.IoClient] WARN ] com.lezo.iscript.yeam.simple.IoClient[Timer-0] (com.lezo.iscript.yeam.simple.IoClient:102) - Can not coonect to localhost:8209
[2014-08-26 18:37:58 [com.lezo.iscript.yeam.simple.IoClient] WARN ] com.lezo.iscript.yeam.simple.IoClient[Timer-0] (com.lezo.iscript.yeam.simple.IoClient:102) - Can not coonect to localhost:8209
[2014-08-26 18:38:04 [com.lezo.iscript.yeam.simple.IoClient] WARN ] com.lezo.iscript.yeam.simple.IoClient[Timer-0] (com.lezo.iscript.yeam.simple.IoClient:102) - Can not coonect to localhost:8209
[2014-08-26 18:38:10 [com.lezo.iscript.yeam.simple.IoClient] WARN ] com.lezo.iscript.yeam.simple.IoClient[Timer-0] (com.lezo.iscript.yeam.simple.IoClient:102) - Can not coonect to localhost:8209
[2014-08-26 18:38:16 [com.lezo.iscript.yeam.simple.IoClient] WARN ] com.lezo.iscript.yeam.simple.IoClient[Timer-0] (com.lezo.iscript.yeam.simple.IoClient:102) - Can not coonect to localhost:8209
[2014-08-26 18:38:23 [com.lezo.iscript.yeam.simple.IoClient] WARN ] com.lezo.iscript.yeam.simple.IoClient[Timer-0] (com.lezo.iscript.yeam.simple.IoClient:102) - Can not coonect to localhost:8209
[2014-08-26 18:38:29 [com.lezo.iscript.yeam.simple.IoClient] WARN ] com.lezo.iscript.yeam.simple.IoClient[Timer-0] (com.lezo.iscript.yeam.simple.IoClient:102) - Can not coonect to localhost:8209
[2014-08-26 18:38:35 [com.lezo.iscript.yeam.simple.IoClient] WARN ] com.lezo.iscript.yeam.simple.IoClient[Timer-0] (com.lezo.iscript.yeam.simple.IoClient:102) - Can not coonect to localhost:8209
[2014-08-26 18:38:41 [com.lezo.iscript.yeam.simple.IoClient] WARN ] com.lezo.iscript.yeam.simple.IoClient[Timer-0] (com.lezo.iscript.yeam.simple.IoClient:102) - Can not coonect to localhost:8209
[2014-08-26 18:38:47 [com.lezo.iscript.yeam.simple.IoClient] WARN ] com.lezo.iscript.yeam.simple.IoClient[Timer-0] (com.lezo.iscript.yeam.simple.IoClient:102) - Can not coonect to localhost:8209
[2014-08-26 18:38:53 [com.lezo.iscript.yeam.simple.IoClient] WARN ] com.lezo.iscript.yeam.simple.IoClient[Timer-0] (com.lezo.iscript.yeam.simple.IoClient:102) - Can not coonect to localhost:8209
[2014-08-26 18:38:59 [com.lezo.iscript.yeam.simple.IoClient] WARN ] com.lezo.iscript.yeam.simple.IoClient[Timer-0] (com.lezo.iscript.yeam.simple.IoClient:102) - Can not coonect to localhost:8209
[2014-08-26 18:39:05 [com.lezo.iscript.yeam.simple.IoClient] WARN ] com.lezo.iscript.yeam.simple.IoClient[Timer-0] (com.lezo.iscript.yeam.simple.IoClient:102) - Can not coonect to localhost:8209
[2014-08-26 18:39:11 [com.lezo.iscript.yeam.simple.IoClient] WARN ] com.lezo.iscript.yeam.simple.IoClient[Timer-0] (com.lezo.iscript.yeam.simple.IoClient:102) - Can not coonect to localhost:8209
[2014-08-26 18:39:17 [com.lezo.iscript.yeam.simple.IoClient] WARN ] com.lezo.iscript.yeam.simple.IoClient[Timer-0] (com.lezo.iscript.yeam.simple.IoClient:102) - Can not coonect to localhost:8209
[2014-08-26 18:39:23 [com.lezo.iscript.yeam.simple.IoClient] WARN ] com.lezo.iscript.yeam.simple.IoClient[Timer-0] (com.lezo.iscript.yeam.simple.IoClient:102) - Can not coonect to localhost:8209
[2014-08-26 18:39:29 [com.lezo.iscript.yeam.simple.IoClient] WARN ] com.lezo.iscript.yeam.simple.IoClient[Timer-0] (com.lezo.iscript.yeam.simple.IoClient:102) - Can not coonect to localhost:8209
[2014-08-26 18:39:35 [com.lezo.iscript.yeam.simple.IoClient] WARN ] com.lezo.iscript.yeam.simple.IoClient[Timer-0] (com.lezo.iscript.yeam.simple.IoClient:102) - Can not coonect to localhost:8209
[2014-08-26 18:39:41 [com.lezo.iscript.yeam.simple.IoClient] WARN ] com.lezo.iscript.yeam.simple.IoClient[Timer-0] (com.lezo.iscript.yeam.simple.IoClient:102) - Can not coonect to localhost:8209
[2014-08-26 18:39:47 [com.lezo.iscript.yeam.simple.IoClient] WARN ] com.lezo.iscript.yeam.simple.IoClient[Timer-0] (com.lezo.iscript.yeam.simple.IoClient:102) - Can not coonect to localhost:8209
[2014-08-26 18:39:53 [com.lezo.iscript.yeam.simple.IoClient] WARN ] com.lezo.iscript.yeam.simple.IoClient[Timer-0] (com.lezo.iscript.yeam.simple.IoClient:102) - Can not coonect to localhost:8209
[2014-08-26 18:39:59 [com.lezo.iscript.yeam.simple.IoClient] WARN ] com.lezo.iscript.yeam.simple.IoClient[Timer-0] (com.lezo.iscript.yeam.simple.IoClient:102) - Can not coonect to localhost:8209
[2014-08-26 18:40:05 [com.lezo.iscript.yeam.simple.IoClient] WARN ] com.lezo.iscript.yeam.simple.IoClient[Timer-0] (com.lezo.iscript.yeam.simple.IoClient:102) - Can not coonect to localhost:8209
[2014-08-26 18:40:11 [com.lezo.iscript.yeam.simple.IoClient] WARN ] com.lezo.iscript.yeam.simple.IoClient[Timer-0] (com.lezo.iscript.yeam.simple.IoClient:102) - Can not coonect to localhost:8209
[2014-08-26 18:40:17 [com.lezo.iscript.yeam.simple.IoClient] WARN ] com.lezo.iscript.yeam.simple.IoClient[Timer-0] (com.lezo.iscript.yeam.simple.IoClient:102) - Can not coonect to localhost:8209
[2014-08-26 18:40:23 [com.lezo.iscript.yeam.simple.IoClient] WARN ] com.lezo.iscript.yeam.simple.IoClient[Timer-0] (com.lezo.iscript.yeam.simple.IoClient:102) - Can not coonect to localhost:8209
[2014-08-26 18:40:29 [com.lezo.iscript.yeam.simple.IoClient] WARN ] com.lezo.iscript.yeam.simple.IoClient[Timer-0] (com.lezo.iscript.yeam.simple.IoClient:102) - Can not coonect to localhost:8209
[2014-08-26 18:40:35 [com.lezo.iscript.yeam.simple.IoClient] WARN ] com.lezo.iscript.yeam.simple.IoClient[Timer-0] (com.lezo.iscript.yeam.simple.IoClient:102) - Can not coonect to localhost:8209
[2014-08-26 18:40:41 [com.lezo.iscript.yeam.simple.IoClient] WARN ] com.lezo.iscript.yeam.simple.IoClient[Timer-0] (com.lezo.iscript.yeam.simple.IoClient:102) - Can not coonect to localhost:8209
[2014-08-26 18:40:47 [com.lezo.iscript.yeam.simple.IoClient] WARN ] com.lezo.iscript.yeam.simple.IoClient[Timer-0] (com.lezo.iscript.yeam.simple.IoClient:102) - Can not coonect to localhost:8209
[2014-08-26 18:40:53 [com.lezo.iscript.yeam.simple.IoClient] WARN ] com.lezo.iscript.yeam.simple.IoClient[Timer-0] (com.lezo.iscript.yeam.simple.IoClient:102) - Can not coonect to localhost:8209
[2014-08-26 18:40:59 [com.lezo.iscript.yeam.simple.IoClient] WARN ] com.lezo.iscript.yeam.simple.IoClient[Timer-0] (com.lezo.iscript.yeam.simple.IoClient:102) - Can not coonect to localhost:8209
[2014-08-26 18:41:05 [com.lezo.iscript.yeam.simple.IoClient] WARN ] com.lezo.iscript.yeam.simple.IoClient[Timer-0] (com.lezo.iscript.yeam.simple.IoClient:102) - Can not coonect to localhost:8209
[2014-08-26 18:41:11 [com.lezo.iscript.yeam.simple.IoClient] WARN ] com.lezo.iscript.yeam.simple.IoClient[Timer-0] (com.lezo.iscript.yeam.simple.IoClient:102) - Can not coonect to localhost:8209
[2014-08-26 18:41:17 [com.lezo.iscript.yeam.simple.IoClient] WARN ] com.lezo.iscript.yeam.simple.IoClient[Timer-0] (com.lezo.iscript.yeam.simple.IoClient:102) - Can not coonect to localhost:8209
[2014-08-26 18:41:23 [com.lezo.iscript.yeam.simple.IoClient] WARN ] com.lezo.iscript.yeam.simple.IoClient[Timer-0] (com.lezo.iscript.yeam.simple.IoClient:102) - Can not coonect to localhost:8209
[2014-08-26 18:41:29 [com.lezo.iscript.yeam.simple.IoClient] WARN ] com.lezo.iscript.yeam.simple.IoClient[Timer-0] (com.lezo.iscript.yeam.simple.IoClient:102) - Can not coonect to localhost:8209
[2014-08-26 18:41:35 [com.lezo.iscript.yeam.simple.IoClient] WARN ] com.lezo.iscript.yeam.simple.IoClient[Timer-0] (com.lezo.iscript.yeam.simple.IoClient:102) - Can not coonect to localhost:8209
[2014-08-26 18:41:41 [com.lezo.iscript.yeam.simple.IoClient] WARN ] com.lezo.iscript.yeam.simple.IoClient[Timer-0] (com.lezo.iscript.yeam.simple.IoClient:102) - Can not coonect to localhost:8209
[2014-08-26 18:41:47 [com.lezo.iscript.yeam.simple.IoClient] WARN ] com.lezo.iscript.yeam.simple.IoClient[Timer-0] (com.lezo.iscript.yeam.simple.IoClient:102) - Can not coonect to localhost:8209
[2014-08-26 18:41:53 [com.lezo.iscript.yeam.simple.IoClient] WARN ] com.lezo.iscript.yeam.simple.IoClient[Timer-0] (com.lezo.iscript.yeam.simple.IoClient:102) - Can not coonect to localhost:8209
[2014-08-26 18:42:25 [com.lezo.iscript.yeam.simple.event.woker.ConfigResponeWorker] INFO ] com.lezo.iscript.yeam.simple.event.woker.ConfigResponeWorker[pool-4-thread-1] (com.lezo.iscript.yeam.simple.event.woker.ConfigResponeWorker:44) - update.config[ConfigProxyCollector].stamp:1407582691000
[2014-08-26 18:42:25 [com.lezo.iscript.yeam.simple.event.woker.ConfigResponeWorker] INFO ] com.lezo.iscript.yeam.simple.event.woker.ConfigResponeWorker[pool-4-thread-1] (com.lezo.iscript.yeam.simple.event.woker.ConfigResponeWorker:44) - update.config[ConfigYhdList].stamp:1409043929000
[2014-08-26 18:42:25 [com.lezo.iscript.yeam.simple.event.woker.ConfigResponeWorker] INFO ] com.lezo.iscript.yeam.simple.event.woker.ConfigResponeWorker[pool-4-thread-1] (com.lezo.iscript.yeam.simple.event.woker.ConfigResponeWorker:44) - update.config[ConfigProxyDetector].stamp:1407679409000
[2014-08-26 18:42:26 [com.lezo.iscript.yeam.simple.event.woker.ConfigResponeWorker] INFO ] com.lezo.iscript.yeam.simple.event.woker.ConfigResponeWorker[pool-4-thread-1] (com.lezo.iscript.yeam.simple.event.woker.ConfigResponeWorker:44) - update.config[ConfigYhdProduct].stamp:1408517294000
[2014-08-26 18:42:26 [com.lezo.iscript.yeam.simple.event.woker.ConfigResponeWorker] INFO ] com.lezo.iscript.yeam.simple.event.woker.ConfigResponeWorker[pool-4-thread-1] (com.lezo.iscript.yeam.simple.event.woker.ConfigResponeWorker:44) - update.config[ConfigYhdCategory].stamp:1407943150000
[2014-08-26 18:42:26 [com.lezo.iscript.yeam.simple.event.woker.ConfigResponeWorker] INFO ] com.lezo.iscript.yeam.simple.event.woker.ConfigResponeWorker[pool-4-thread-1] (com.lezo.iscript.yeam.simple.event.woker.ConfigResponeWorker:44) - update.config[Config1688Category].stamp:1407582646000
[2014-08-26 18:42:26 [com.lezo.iscript.yeam.simple.event.woker.ConfigResponeWorker] INFO ] com.lezo.iscript.yeam.simple.event.woker.ConfigResponeWorker[pool-4-thread-1] (com.lezo.iscript.yeam.simple.event.woker.ConfigResponeWorker:44) - update.config[ConfigClientWake].stamp:1407603934000
[2014-08-26 18:42:26 [com.lezo.iscript.yeam.simple.event.woker.ConfigResponeWorker] INFO ] com.lezo.iscript.yeam.simple.event.woker.ConfigResponeWorker[pool-4-thread-1] (com.lezo.iscript.yeam.simple.event.woker.ConfigResponeWorker:44) - update.config[Config1688Product].stamp:1407582664000
[2014-08-26 18:42:27 [com.lezo.iscript.yeam.simple.event.woker.ConfigResponeWorker] INFO ] com.lezo.iscript.yeam.simple.event.woker.ConfigResponeWorker[pool-4-thread-1] (com.lezo.iscript.yeam.simple.event.woker.ConfigResponeWorker:44) - update.config[Config1688List].stamp:1407582654000
[2014-08-26 18:42:33 [com.lezo.iscript.yeam.config.ConfigParserBuffer] INFO ] com.lezo.iscript.yeam.config.ConfigParserBuffer[pool-4-thread-1] (com.lezo.iscript.yeam.config.ConfigParserBuffer:52) - enable proxy:1,diable proxy:0
[2014-08-26 18:42:43 [com.lezo.iscript.yeam.config.ConfigParserBuffer] INFO ] com.lezo.iscript.yeam.config.ConfigParserBuffer[pool-4-thread-1] (com.lezo.iscript.yeam.config.ConfigParserBuffer:52) - enable proxy:2,diable proxy:0
[2014-08-26 18:42:53 [com.lezo.iscript.yeam.config.ConfigParserBuffer] INFO ] com.lezo.iscript.yeam.config.ConfigParserBuffer[pool-4-thread-1] (com.lezo.iscript.yeam.config.ConfigParserBuffer:52) - enable proxy:3,diable proxy:0
[2014-08-26 18:42:54 [com.lezo.iscript.yeam.config.ConfigParserBuffer] INFO ] com.lezo.iscript.yeam.config.ConfigParserBuffer[pool-4-thread-1] (com.lezo.iscript.yeam.config.ConfigParserBuffer:52) - enable proxy:4,diable proxy:0
